01-08-2018 @ 05:11:21 - Array
(
    [IPN_status] => Invalid
)

01-08-2018 @ 05:23:23 - Array
(
    [mc_gross] => 0.01
    [protection_eligibility] => Eligible
    [address_status] => confirmed
    [payer_id] => 2MSD6KHVW4CVG
    [address_street] => Kaunas district, Karmelava, Vaistariskiai
    [payment_date] => 05:23:09 Jan 08, 2018 PST
    [payment_status] => Completed
    [charset] => windows-1252
    [address_zip] => LT-54470
    [first_name] => Ieva
    [mc_fee] => 0.01
    [address_country_code] => LT
    [address_name] => illusion boutique
    [notify_version] => 3.8
    [custom] => iet@apogee.gr
    [payer_status] => verified
    [business] => aistejaloveckaite@gmail.com
    [address_country] => Lithuania
    [address_city] => Kaunas
    [quantity] => 1
    [verify_sign] => AQcNWBm0HWk1-TqvAfRHyymmLii7A.bMgC7cTsoSo-iosv0AkeQ89LJC
    [payer_email] => ARCangelGIRL@gmail.com
    [txn_id] => 0LY90715JR8287035
    [payment_type] => instant
    [payer_business_name] => illusion boutique
    [last_name] => Tauraite
    [address_state] => Lithuania
    [receiver_email] => aistejaloveckaite@gmail.com
    [payment_fee] => 0.01
    [shipping_discount] => 0.00
    [insurance_amount] => 0.00
    [receiver_id] => X5JK92TLAWKDE
    [txn_type] => web_accept
    [item_name] => PATIENT NAME:  PATIENT PHONE PROVIDER INFO:  PROCEDURE DESCRIPTION: COUPON CODE: TOTAL PRICE: $0.00BALANCE DUE AT VISIT: $0.00FEE PAID: $0.00DOCTOR OFFICE PHONEDOCTOR OFFICE EMAILDOCTOR OFFICE CITY PAYMENT INFO END
    [discount] => 0.00
    [mc_currency] => USD
    [item_number] => 
    [residence_country] => LT
    [shipping_method] => Default
    [transaction_subject] => 
    [payment_gross] => 0.01
    [ipn_track_id] => 6fc0e2a529ca1
    [IPN_status] => Verified
)

01-08-2018 @ 09:52:20 - Array
(
    [mc_gross] => 0.01
    [protection_eligibility] => Eligible
    [address_status] => confirmed
    [payer_id] => 2MSD6KHVW4CVG
    [address_street] => Kaunas district, Karmelava, Vaistariskiai
    [payment_date] => 09:52:08 Jan 08, 2018 PST
    [payment_status] => Completed
    [charset] => windows-1252
    [address_zip] => LT-54470
    [first_name] => Ieva
    [mc_fee] => 0.01
    [address_country_code] => LT
    [address_name] => illusion boutique
    [notify_version] => 3.8
    [custom] => iet@apogee.gr
    [payer_status] => verified
    [business] => aistejaloveckaite@gmail.com
    [address_country] => Lithuania
    [address_city] => Kaunas
    [quantity] => 1
    [verify_sign] => AsUTnO-AeoUZMtUBlA3pP.mDbSRiAHDLek209RhBFefVXHAmnRETuuid
    [payer_email] => ARCangelGIRL@gmail.com
    [txn_id] => 4A43768663716844R
    [payment_type] => instant
    [payer_business_name] => illusion boutique
    [last_name] => Tauraite
    [address_state] => Lithuania
    [receiver_email] => aistejaloveckaite@gmail.com
    [payment_fee] => 0.01
    [shipping_discount] => 0.00
    [insurance_amount] => 0.00
    [receiver_id] => X5JK92TLAWKDE
    [txn_type] => web_accept
    [item_name] => PATIENT NAME:  PATIENT PHONE PROVIDER INFO:  PROCEDURE DESCRIPTION: COUPON CODE: TOTAL PRICE: $0.00BALANCE DUE AT VISIT: $0.00FEE PAID: $0.00DOCTOR OFFICE PHONEDOCTOR OFFICE EMAILDOCTOR OFFICE CITY PAYMENT INFO END
    [discount] => 0.00
    [mc_currency] => USD
    [item_number] => 
    [residence_country] => LT
    [shipping_method] => Default
    [transaction_subject] => 
    [payment_gross] => 0.01
    [ipn_track_id] => df76edec3c3f2
    [IPN_status] => Verified
)

01-08-2018 @ 10:13:38 - Array
(
    [mc_gross] => 0.01
    [protection_eligibility] => Eligible
    [address_status] => confirmed
    [payer_id] => 2MSD6KHVW4CVG
    [address_street] => Kaunas district, Karmelava, Vaistariskiai
    [payment_date] => 10:13:25 Jan 08, 2018 PST
    [payment_status] => Pending
    [charset] => windows-1252
    [address_zip] => LT-54470
    [first_name] => Ieva
    [address_country_code] => LT
    [address_name] => illusion boutique
    [notify_version] => 3.8
    [custom] => iet@apogee.gr
    [payer_status] => verified
    [business] => enaid13@hotmail.fr
    [address_country] => Lithuania
    [address_city] => Kaunas
    [quantity] => 1
    [verify_sign] => AXu8x14WE9MFnb5SoXjO32mCRfFrA0ziAJPdiDQRLvpf.B2EtLV0.sdB
    [payer_email] => ARCangelGIRL@gmail.com
    [txn_id] => 44E40345KF892481Y
    [payment_type] => instant
    [payer_business_name] => illusion boutique
    [last_name] => Tauraite
    [address_state] => Lithuania
    [receiver_email] => enaid13@hotmail.fr
    [receiver_id] => CUY5Z37X6WFJ8
    [pending_reason] => verify
    [txn_type] => web_accept
    [item_name] => PATIENT NAME:  PATIENT PHONE PROVIDER INFO:  PROCEDURE DESCRIPTION: COUPON CODE: TOTAL PRICE: $0.00BALANCE DUE AT VISIT: $0.00FEE PAID: $0.00DOCTOR OFFICE PHONEDOCTOR OFFICE EMAILDOCTOR OFFICE CITY PAYMENT INFO END
    [mc_currency] => USD
    [item_number] => 
    [residence_country] => LT
    [transaction_subject] => 
    [payment_gross] => 0.01
    [ipn_track_id] => 8c53802ae761
    [IPN_status] => Verified
)

01-09-2018 @ 10:35:47 - Array
(
    [mc_gross] => 0.01
    [protection_eligibility] => Eligible
    [address_status] => confirmed
    [payer_id] => 2MSD6KHVW4CVG
    [address_street] => Kaunas district, Karmelava, Vaistariskiai
    [payment_date] => 10:35:38 Jan 09, 2018 PST
    [payment_status] => Completed
    [charset] => windows-1252
    [address_zip] => LT-54470
    [first_name] => Ieva
    [mc_fee] => 0.01
    [address_country_code] => LT
    [address_name] => illusion boutique
    [notify_version] => 3.8
    [custom] => iet@apogee.gr
    [payer_status] => verified
    [business] => tfarmer411@gmail.com
    [address_country] => Lithuania
    [address_city] => Kaunas
    [quantity] => 1
    [verify_sign] => AzFJ-85gxcQS3VkwT2aVI0IyTZ9mArAdqn8.M-TNnUVi5PFQfxfR3AfG
    [payer_email] => ARCangelGIRL@gmail.com
    [txn_id] => 5P589651JG503894J
    [payment_type] => instant
    [payer_business_name] => illusion boutique
    [last_name] => Tauraite
    [address_state] => Lithuania
    [receiver_email] => payment@healora.com
    [payment_fee] => 0.01
    [shipping_discount] => 0.00
    [insurance_amount] => 0.00
    [receiver_id] => 4QYNNKD678S4A
    [txn_type] => web_accept
    [item_name] => PATIENT NAME:  PATIENT PHONE PROVIDER INFO:  PROCEDURE DESCRIPTION: COUPON CODE: TOTAL PRICE: $0.00BALANCE DUE AT VISIT: $0.00FEE PAID: $0.00DOCTOR OFFICE PHONEDOCTOR OFFICE EMAILDOCTOR OFFICE CITY PAYMENT INFO END
    [discount] => 0.00
    [mc_currency] => USD
    [item_number] => 
    [residence_country] => LT
    [shipping_method] => Default
    [transaction_subject] => 
    [payment_gross] => 0.01
    [ipn_track_id] => 71a505d68c773
    [IPN_status] => Verified
)

01-09-2018 @ 10:39:01 - Array
(
    [mc_gross] => 0.01
    [protection_eligibility] => Eligible
    [address_status] => confirmed
    [payer_id] => 2MSD6KHVW4CVG
    [address_street] => Kaunas district, Karmelava, Vaistariskiai
    [payment_date] => 10:38:52 Jan 09, 2018 PST
    [payment_status] => Completed
    [charset] => windows-1252
    [address_zip] => LT-54470
    [first_name] => Ieva
    [mc_fee] => 0.01
    [address_country_code] => LT
    [address_name] => illusion boutique
    [notify_version] => 3.8
    [custom] => iet@apogee.gr
    [payer_status] => verified
    [business] => payment@healora.com
    [address_country] => Lithuania
    [address_city] => Kaunas
    [quantity] => 1
    [verify_sign] => AihkrCo4pk0pb5-CP9I6OIzYhpdZAbnxX1BbJ6R.jEcHRDlOM6szAWpp
    [payer_email] => ARCangelGIRL@gmail.com
    [txn_id] => 9H11781034452874Y
    [payment_type] => instant
    [payer_business_name] => illusion boutique
    [last_name] => Tauraite
    [address_state] => Lithuania
    [receiver_email] => payment@healora.com
    [payment_fee] => 0.01
    [shipping_discount] => 0.00
    [insurance_amount] => 0.00
    [receiver_id] => 4QYNNKD678S4A
    [txn_type] => web_accept
    [item_name] => PATIENT NAME:  PATIENT PHONE PROVIDER INFO:  PROCEDURE DESCRIPTION: COUPON CODE: TOTAL PRICE: $0.00BALANCE DUE AT VISIT: $0.00FEE PAID: $0.00DOCTOR OFFICE PHONEDOCTOR OFFICE EMAILDOCTOR OFFICE CITY PAYMENT INFO END
    [discount] => 0.00
    [mc_currency] => USD
    [item_number] => 
    [residence_country] => LT
    [shipping_method] => Default
    [transaction_subject] => 
    [payment_gross] => 0.01
    [ipn_track_id] => bc4cf7bf546a1
    [IPN_status] => Verified
)

01-10-2018 @ 02:41:06 - Array
(
    [mc_gross] => 0.01
    [protection_eligibility] => Eligible
    [address_status] => confirmed
    [payer_id] => 2MSD6KHVW4CVG
    [address_street] => Kaunas district, Karmelava, Vaistariskiai
    [payment_date] => 02:40:52 Jan 10, 2018 PST
    [payment_status] => Completed
    [charset] => windows-1252
    [address_zip] => LT-54470
    [first_name] => Ieva
    [mc_fee] => 0.01
    [address_country_code] => LT
    [address_name] => illusion boutique
    [notify_version] => 3.8
    [custom] => iet@apogee.gr
    [payer_status] => verified
    [business] => payment@healora.com
    [address_country] => Lithuania
    [address_city] => Kaunas
    [quantity] => 1
    [verify_sign] => AUhZSHQKSoX87ooap3hnb2nVPIqUAzVhzbrt0rXhH5TDYCu0RA1ldJnB
    [payer_email] => ARCangelGIRL@gmail.com
    [txn_id] => 5JE1461450992742N
    [payment_type] => instant
    [payer_business_name] => illusion boutique
    [last_name] => Tauraite
    [address_state] => Lithuania
    [receiver_email] => payment@healora.com
    [payment_fee] => 0.01
    [shipping_discount] => 0.00
    [insurance_amount] => 0.00
    [receiver_id] => 4QYNNKD678S4A
    [txn_type] => web_accept
    [item_name] => PATIENT NAME:  PATIENT PHONE PROVIDER INFO:  PROCEDURE DESCRIPTION: COUPON CODE: TOTAL PRICE: $0.00BALANCE DUE AT VISIT: $0.00FEE PAID: $0.00DOCTOR OFFICE PHONEDOCTOR OFFICE EMAILDOCTOR OFFICE CITY PAYMENT INFO END
    [discount] => 0.00
    [mc_currency] => USD
    [item_number] => 
    [residence_country] => LT
    [shipping_method] => Default
    [transaction_subject] => 
    [payment_gross] => 0.01
    [ipn_track_id] => 138776969a42c
    [IPN_status] => Verified
)

01-10-2018 @ 02:52:37 - Array
(
    [mc_gross] => 0.01
    [protection_eligibility] => Eligible
    [address_status] => confirmed
    [payer_id] => 2MSD6KHVW4CVG
    [address_street] => Kaunas district, Karmelava, Vaistariskiai
    [payment_date] => 02:52:27 Jan 10, 2018 PST
    [payment_status] => Completed
    [charset] => windows-1252
    [address_zip] => LT-54470
    [first_name] => Ieva
    [mc_fee] => 0.01
    [address_country_code] => LT
    [address_name] => illusion boutique
    [notify_version] => 3.8
    [custom] => iet@apogee.gr
    [payer_status] => verified
    [business] => payment@healora.com
    [address_country] => Lithuania
    [address_city] => Kaunas
    [quantity] => 1
    [verify_sign] => AZoGOqfh6I7OncaTUjpEKrCiCBmKAR2sIZljQbBi3LkfIR2ys2kAJkKX
    [payer_email] => ARCangelGIRL@gmail.com
    [txn_id] => 06289262F16488403
    [payment_type] => instant
    [payer_business_name] => illusion boutique
    [last_name] => Tauraite
    [address_state] => Lithuania
    [receiver_email] => payment@healora.com
    [payment_fee] => 0.01
    [shipping_discount] => 0.00
    [insurance_amount] => 0.00
    [receiver_id] => 4QYNNKD678S4A
    [txn_type] => web_accept
    [item_name] => PATIENT NAME:  PATIENT PHONE PROVIDER INFO:  PROCEDURE DESCRIPTION: COUPON CODE: TOTAL PRICE: $0.00BALANCE DUE AT VISIT: $0.00FEE PAID: $0.00DOCTOR OFFICE PHONEDOCTOR OFFICE EMAILDOCTOR OFFICE CITY PAYMENT INFO END
    [discount] => 0.00
    [mc_currency] => USD
    [item_number] => 
    [residence_country] => LT
    [shipping_method] => Default
    [transaction_subject] => 
    [payment_gross] => 0.01
    [ipn_track_id] => c73daf85dc889
    [IPN_status] => Verified
)

01-10-2018 @ 02:59:00 - Array
(
    [mc_gross] => 0.01
    [protection_eligibility] => Eligible
    [address_status] => confirmed
    [payer_id] => 2MSD6KHVW4CVG
    [address_street] => Kaunas district, Karmelava, Vaistariskiai
    [payment_date] => 02:58:48 Jan 10, 2018 PST
    [payment_status] => Completed
    [charset] => windows-1252
    [address_zip] => LT-54470
    [first_name] => Ieva
    [mc_fee] => 0.01
    [address_country_code] => LT
    [address_name] => illusion boutique
    [notify_version] => 3.8
    [custom] => iet@apogee.gr
    [payer_status] => verified
    [business] => payment@healora.com
    [address_country] => Lithuania
    [address_city] => Kaunas
    [quantity] => 1
    [verify_sign] => AKwUpvimaCAfmfJ-.PhckWeGqTcrA3N4m.dbGyxMYvU7a8WZj5xAwgbz
    [payer_email] => ARCangelGIRL@gmail.com
    [txn_id] => 79V269750T459293P
    [payment_type] => instant
    [payer_business_name] => illusion boutique
    [last_name] => Tauraite
    [address_state] => Lithuania
    [receiver_email] => payment@healora.com
    [payment_fee] => 0.01
    [shipping_discount] => 0.00
    [insurance_amount] => 0.00
    [receiver_id] => 4QYNNKD678S4A
    [txn_type] => web_accept
    [item_name] => PATIENT NAME:  PATIENT PHONE PROVIDER INFO:  PROCEDURE DESCRIPTION: COUPON CODE: TOTAL PRICE: $0.00BALANCE DUE AT VISIT: $0.00FEE PAID: $0.00DOCTOR OFFICE PHONEDOCTOR OFFICE EMAILDOCTOR OFFICE CITY PAYMENT INFO END
    [discount] => 0.00
    [mc_currency] => USD
    [item_number] => 
    [residence_country] => LT
    [shipping_method] => Default
    [transaction_subject] => 
    [payment_gross] => 0.01
    [ipn_track_id] => 33ee10b06f0cc
    [IPN_status] => Verified
)

01-10-2018 @ 04:21:42 - Array
(
    [mc_gross] => 0.01
    [protection_eligibility] => Eligible
    [address_status] => confirmed
    [payer_id] => 2MSD6KHVW4CVG
    [address_street] => Kaunas district, Karmelava, Vaistariskiai
    [payment_date] => 04:21:29 Jan 10, 2018 PST
    [payment_status] => Completed
    [charset] => windows-1252
    [address_zip] => LT-54470
    [first_name] => Ieva
    [mc_fee] => 0.01
    [address_country_code] => LT
    [address_name] => illusion boutique
    [notify_version] => 3.8
    [custom] => iet@apogee.gr
    [payer_status] => verified
    [business] => aistejaloveckaite@gmail.com
    [address_country] => Lithuania
    [address_city] => Kaunas
    [quantity] => 1
    [verify_sign] => A.vM3WEMfR3qIy4EFMNueCVnEWaxAu33bo7pZMpZ-6aF8KK1tVyy3FCu
    [payer_email] => ARCangelGIRL@gmail.com
    [txn_id] => 92F11327P07112605
    [payment_type] => instant
    [payer_business_name] => illusion boutique
    [last_name] => Tauraite
    [address_state] => Lithuania
    [receiver_email] => aistejaloveckaite@gmail.com
    [payment_fee] => 0.01
    [shipping_discount] => 0.00
    [insurance_amount] => 0.00
    [receiver_id] => X5JK92TLAWKDE
    [txn_type] => web_accept
    [item_name] => PATIENT ID:2, DOCTOR ID:554, SKU:UR99, COUPON CODE: 5A56052D02B25END
    [discount] => 0.00
    [mc_currency] => USD
    [item_number] => 
    [residence_country] => LT
    [shipping_method] => Default
    [transaction_subject] => 
    [payment_gross] => 0.01
    [ipn_track_id] => 649f10903774b
    [IPN_status] => Verified
)

01-10-2018 @ 04:35:53 - Array
(
    [mc_gross] => 0.01
    [protection_eligibility] => Eligible
    [address_status] => confirmed
    [payer_id] => 2MSD6KHVW4CVG
    [address_street] => Kaunas district, Karmelava, Vaistariskiai
    [payment_date] => 04:35:41 Jan 10, 2018 PST
    [payment_status] => Completed
    [charset] => windows-1252
    [address_zip] => LT-54470
    [first_name] => Ieva
    [mc_fee] => 0.01
    [address_country_code] => LT
    [address_name] => illusion boutique
    [notify_version] => 3.8
    [custom] => iet@apogee.gr
    [payer_status] => verified
    [business] => aistejaloveckaite@gmail.com
    [address_country] => Lithuania
    [address_city] => Kaunas
    [quantity] => 1
    [verify_sign] => AfMR2j9GhFR3DSH8wOLSxtLDsQxTAm7a1WVhBoswudRoDiqNLPCRQ.Iw
    [payer_email] => ARCangelGIRL@gmail.com
    [txn_id] => 92A93210WH961904G
    [payment_type] => instant
    [payer_business_name] => illusion boutique
    [last_name] => Tauraite
    [address_state] => Lithuania
    [receiver_email] => aistejaloveckaite@gmail.com
    [payment_fee] => 0.01
    [shipping_discount] => 0.00
    [insurance_amount] => 0.00
    [receiver_id] => X5JK92TLAWKDE
    [txn_type] => web_accept
    [item_name] => PATIENT ID:2, DOCTOR ID:554, SKU:UR99, COUPON CODE: 5A5608881A520END
    [discount] => 0.00
    [mc_currency] => USD
    [item_number] => 
    [residence_country] => LT
    [shipping_method] => Default
    [transaction_subject] => 
    [payment_gross] => 0.01
    [ipn_track_id] => c8f4b95e29eb3
    [IPN_status] => Verified
)

01-10-2018 @ 04:52:51 - Array
(
    [mc_gross] => 0.01
    [protection_eligibility] => Eligible
    [address_status] => confirmed
    [payer_id] => 2MSD6KHVW4CVG
    [address_street] => Kaunas district, Karmelava, Vaistariskiai
    [payment_date] => 04:52:40 Jan 10, 2018 PST
    [payment_status] => Completed
    [charset] => windows-1252
    [address_zip] => LT-54470
    [first_name] => Ieva
    [mc_fee] => 0.01
    [address_country_code] => LT
    [address_name] => illusion boutique
    [notify_version] => 3.8
    [custom] => iet@apogee.gr
    [payer_status] => verified
    [business] => aistejaloveckaite@gmail.com
    [address_country] => Lithuania
    [address_city] => Kaunas
    [quantity] => 1
    [verify_sign] => APyw2-6eYRDcA8uEnQow6kdC8VErAMNTbGLltuJW5u-8Q-HrTd7MQdoU
    [payer_email] => ARCangelGIRL@gmail.com
    [txn_id] => 99J03771PP023890L
    [payment_type] => instant
    [payer_business_name] => illusion boutique
    [last_name] => Tauraite
    [address_state] => Lithuania
    [receiver_email] => aistejaloveckaite@gmail.com
    [payment_fee] => 0.01
    [shipping_discount] => 0.00
    [insurance_amount] => 0.00
    [receiver_id] => X5JK92TLAWKDE
    [txn_type] => web_accept
    [item_name] => PATIENT ID:2, DOCTOR ID:554, SKU:UR99, COUPON CODE: 5A560C84A2100END
    [discount] => 0.00
    [mc_currency] => USD
    [item_number] => 
    [residence_country] => LT
    [shipping_method] => Default
    [transaction_subject] => 
    [payment_gross] => 0.01
    [ipn_track_id] => 520947c837b
    [IPN_status] => Verified
)

01-10-2018 @ 05:05:40 - Array
(
    [mc_gross] => 0.01
    [protection_eligibility] => Eligible
    [address_status] => confirmed
    [payer_id] => 2MSD6KHVW4CVG
    [address_street] => Kaunas district, Karmelava, Vaistariskiai
    [payment_date] => 05:05:29 Jan 10, 2018 PST
    [payment_status] => Completed
    [charset] => windows-1252
    [address_zip] => LT-54470
    [first_name] => Ieva
    [mc_fee] => 0.01
    [address_country_code] => LT
    [address_name] => illusion boutique
    [notify_version] => 3.8
    [custom] => iet@apogee.gr
    [payer_status] => verified
    [business] => aistejaloveckaite@gmail.com
    [address_country] => Lithuania
    [address_city] => Kaunas
    [quantity] => 1
    [verify_sign] => ARZK1GFDVqdIbjjHIqob02VU01ppAe5S4Uj9e9E8GgU-r7zl2R.r9lmU
    [payer_email] => ARCangelGIRL@gmail.com
    [txn_id] => 40201868GH311884T
    [payment_type] => instant
    [payer_business_name] => illusion boutique
    [last_name] => Tauraite
    [address_state] => Lithuania
    [receiver_email] => aistejaloveckaite@gmail.com
    [payment_fee] => 0.01
    [shipping_discount] => 0.00
    [insurance_amount] => 0.00
    [receiver_id] => X5JK92TLAWKDE
    [txn_type] => web_accept
    [item_name] => PATIENT ID:2, DOCTOR ID:554, SKU:UR99, COUPON CODE: 5A560F860A462END
    [discount] => 0.00
    [mc_currency] => USD
    [item_number] => 
    [residence_country] => LT
    [shipping_method] => Default
    [transaction_subject] => 
    [payment_gross] => 0.01
    [ipn_track_id] => 72f617fdb3395
    [IPN_status] => Verified
)

01-10-2018 @ 05:42:16 - Array
(
    [mc_gross] => 0.01
    [protection_eligibility] => Eligible
    [address_status] => confirmed
    [payer_id] => 2MSD6KHVW4CVG
    [address_street] => Kaunas district, Karmelava, Vaistariskiai
    [payment_date] => 05:42:04 Jan 10, 2018 PST
    [payment_status] => Completed
    [charset] => windows-1252
    [address_zip] => LT-54470
    [first_name] => Ieva
    [mc_fee] => 0.01
    [address_country_code] => LT
    [address_name] => illusion boutique
    [notify_version] => 3.8
    [custom] => iet@apogee.gr
    [payer_status] => verified
    [business] => aistejaloveckaite@gmail.com
    [address_country] => Lithuania
    [address_city] => Kaunas
    [quantity] => 1
    [verify_sign] => AgeWk9-LOLMdybQfAqvGFtFQXwAeA6QBOI4kVu0BM4q3.LUTlmf7Gv3l
    [payer_email] => ARCangelGIRL@gmail.com
    [txn_id] => 4NE96638A2622183T
    [payment_type] => instant
    [payer_business_name] => illusion boutique
    [last_name] => Tauraite
    [address_state] => Lithuania
    [receiver_email] => aistejaloveckaite@gmail.com
    [payment_fee] => 0.01
    [shipping_discount] => 0.00
    [insurance_amount] => 0.00
    [receiver_id] => X5JK92TLAWKDE
    [txn_type] => web_accept
    [item_name] => PATIENT ID:2, DOCTOR ID:554, SKU:UR99, COUPON CODE: 5A56181523023END
    [discount] => 0.00
    [mc_currency] => USD
    [item_number] => 
    [residence_country] => LT
    [shipping_method] => Default
    [transaction_subject] => 
    [payment_gross] => 0.01
    [ipn_track_id] => c5e54a982e8f3
    [IPN_status] => Verified
)

01-10-2018 @ 05:48:16 - Array
(
    [mc_gross] => 0.01
    [protection_eligibility] => Eligible
    [address_status] => confirmed
    [payer_id] => 2MSD6KHVW4CVG
    [address_street] => Kaunas district, Karmelava, Vaistariskiai
    [payment_date] => 05:48:05 Jan 10, 2018 PST
    [payment_status] => Completed
    [charset] => windows-1252
    [address_zip] => LT-54470
    [first_name] => Ieva
    [mc_fee] => 0.01
    [address_country_code] => LT
    [address_name] => illusion boutique
    [notify_version] => 3.8
    [custom] => iet@apogee.gr
    [payer_status] => verified
    [business] => aistejaloveckaite@gmail.com
    [address_country] => Lithuania
    [address_city] => Kaunas
    [quantity] => 1
    [verify_sign] => A.XKVOa9Wno-6pesmkOQdMpToYGAAxpIhyAd.9mAOS3o9h2-vhkpWfru
    [payer_email] => ARCangelGIRL@gmail.com
    [txn_id] => 3TL04937T2867062L
    [payment_type] => instant
    [payer_business_name] => illusion boutique
    [last_name] => Tauraite
    [address_state] => Lithuania
    [receiver_email] => aistejaloveckaite@gmail.com
    [payment_fee] => 0.01
    [shipping_discount] => 0.00
    [insurance_amount] => 0.00
    [receiver_id] => X5JK92TLAWKDE
    [txn_type] => web_accept
    [item_name] => PATIENT ID:2, DOCTOR ID:554, SKU:UR99, COUPON CODE: 5A561980B2871END
    [discount] => 0.00
    [mc_currency] => USD
    [item_number] => 
    [residence_country] => LT
    [shipping_method] => Default
    [transaction_subject] => 
    [payment_gross] => 0.01
    [ipn_track_id] => 5f410a8134599
    [IPN_status] => Verified
)

01-10-2018 @ 09:51:09 - Array
(
    [mc_gross] => 0.01
    [protection_eligibility] => Eligible
    [address_status] => confirmed
    [payer_id] => 2MSD6KHVW4CVG
    [address_street] => Kaunas district, Karmelava, Vaistariskiai
    [payment_date] => 09:50:59 Jan 10, 2018 PST
    [payment_status] => Completed
    [charset] => windows-1252
    [address_zip] => LT-54470
    [first_name] => Ieva
    [mc_fee] => 0.01
    [address_country_code] => LT
    [address_name] => illusion boutique
    [notify_version] => 3.8
    [custom] => iet@apogee.gr
    [payer_status] => verified
    [business] => aistejaloveckaite@gmail.com
    [address_country] => Lithuania
    [address_city] => Kaunas
    [quantity] => 1
    [verify_sign] => Aas-D7opjRm0sZfIVQqR7CNCay7DAj3WyzKZMlMZsPj1itL90B53l2eV
    [payer_email] => ARCangelGIRL@gmail.com
    [txn_id] => 4RX12405KJ0348705
    [payment_type] => instant
    [payer_business_name] => illusion boutique
    [last_name] => Tauraite
    [address_state] => Lithuania
    [receiver_email] => aistejaloveckaite@gmail.com
    [payment_fee] => 0.01
    [shipping_discount] => 0.00
    [insurance_amount] => 0.00
    [receiver_id] => X5JK92TLAWKDE
    [txn_type] => web_accept
    [item_name] => PATIENT ID:2, DOCTOR ID:554, SKU:UR99, COUPON CODE: 5A56525C79528END
    [discount] => 0.00
    [mc_currency] => USD
    [item_number] => 
    [residence_country] => LT
    [shipping_method] => Default
    [transaction_subject] => 
    [payment_gross] => 0.01
    [ipn_track_id] => 7913477de2842
    [IPN_status] => Verified
)

01-10-2018 @ 09:53:24 - Array
(
    [mc_gross] => 0.01
    [protection_eligibility] => Eligible
    [address_status] => confirmed
    [payer_id] => 2MSD6KHVW4CVG
    [address_street] => Kaunas district, Karmelava, Vaistariskiai
    [payment_date] => 09:53:15 Jan 10, 2018 PST
    [payment_status] => Completed
    [charset] => windows-1252
    [address_zip] => LT-54470
    [first_name] => Ieva
    [mc_fee] => 0.01
    [address_country_code] => LT
    [address_name] => illusion boutique
    [notify_version] => 3.8
    [custom] => 2
    [payer_status] => verified
    [business] => aistejaloveckaite@gmail.com
    [address_country] => Lithuania
    [address_city] => Kaunas
    [quantity] => 1
    [verify_sign] => AeFrswcSzbvt8.y.BUsR4OmjhTclAqrpjafO4jPRJ-MSBhaXht8isezW
    [payer_email] => ARCangelGIRL@gmail.com
    [txn_id] => 5L298775E1708931A
    [payment_type] => instant
    [payer_business_name] => illusion boutique
    [last_name] => Tauraite
    [address_state] => Lithuania
    [receiver_email] => aistejaloveckaite@gmail.com
    [payment_fee] => 0.01
    [shipping_discount] => 0.00
    [insurance_amount] => 0.00
    [receiver_id] => X5JK92TLAWKDE
    [txn_type] => web_accept
    [item_name] => PATIENT ID:2, DOCTOR ID:554, SKU:UR99, COUPON CODE: 5A5652F8070C7END
    [discount] => 0.00
    [mc_currency] => USD
    [item_number] => 
    [residence_country] => LT
    [shipping_method] => Default
    [transaction_subject] => 
    [payment_gross] => 0.01
    [ipn_track_id] => ee477dc06a396
    [IPN_status] => Verified
)

01-10-2018 @ 10:16:20 - Array
(
    [mc_gross] => 0.01
    [protection_eligibility] => Eligible
    [address_status] => confirmed
    [payer_id] => 2MSD6KHVW4CVG
    [address_street] => Kaunas district, Karmelava, Vaistariskiai
    [payment_date] => 10:16:08 Jan 10, 2018 PST
    [payment_status] => Completed
    [charset] => windows-1252
    [address_zip] => LT-54470
    [first_name] => Ieva
    [mc_fee] => 0.01
    [address_country_code] => LT
    [address_name] => illusion boutique
    [notify_version] => 3.8
    [custom] => 2
    [payer_status] => verified
    [business] => aistejaloveckaite@gmail.com
    [address_country] => Lithuania
    [address_city] => Kaunas
    [quantity] => 1
    [verify_sign] => AQ6KTKUt4sgFruoiTMXIME.8wkLqAytjyTtjBI0iVVkvK5xm4D.CmyAG
    [payer_email] => ARCangelGIRL@gmail.com
    [txn_id] => 11F34387Y8247670J
    [payment_type] => instant
    [payer_business_name] => illusion boutique
    [last_name] => Tauraite
    [address_state] => Lithuania
    [receiver_email] => aistejaloveckaite@gmail.com
    [payment_fee] => 0.01
    [shipping_discount] => 0.00
    [insurance_amount] => 0.00
    [receiver_id] => X5JK92TLAWKDE
    [txn_type] => web_accept
    [item_name] => PATIENT ID:2, DOCTOR ID:554, SKU:UR99, COUPON CODE: 5A56584C51648END
    [discount] => 0.00
    [mc_currency] => USD
    [item_number] => 
    [residence_country] => LT
    [shipping_method] => Default
    [transaction_subject] => 
    [payment_gross] => 0.01
    [ipn_track_id] => 8bba58531cf3
    [IPN_status] => Verified
)

01-10-2018 @ 11:24:38 - Array
(
    [mc_gross] => 0.01
    [protection_eligibility] => Eligible
    [address_status] => confirmed
    [payer_id] => 2MSD6KHVW4CVG
    [address_street] => Kaunas district, Karmelava, Vaistariskiai
    [payment_date] => 11:24:28 Jan 10, 2018 PST
    [payment_status] => Completed
    [charset] => windows-1252
    [address_zip] => LT-54470
    [first_name] => Ieva
    [mc_fee] => 0.01
    [address_country_code] => LT
    [address_name] => illusion boutique
    [notify_version] => 3.8
    [custom] => 2
    [payer_status] => verified
    [business] => payment@healora.com
    [address_country] => Lithuania
    [address_city] => Kaunas
    [quantity] => 1
    [verify_sign] => A44tm0oLfde8x6IeaIHXHGcOzHvKAF441riCdqeQptX8Xs.kQomFR1mf
    [payer_email] => ARCangelGIRL@gmail.com
    [txn_id] => 7UE763504U878243U
    [payment_type] => instant
    [payer_business_name] => illusion boutique
    [last_name] => Tauraite
    [address_state] => Lithuania
    [receiver_email] => payment@healora.com
    [payment_fee] => 0.01
    [shipping_discount] => 0.00
    [insurance_amount] => 0.00
    [receiver_id] => 4QYNNKD678S4A
    [txn_type] => web_accept
    [item_name] => PATIENT ID:2, DOCTOR ID:554, SKU:EN13, COUPON CODE: 5A56683D07988END
    [discount] => 0.00
    [mc_currency] => USD
    [item_number] => 
    [residence_country] => LT
    [shipping_method] => Default
    [transaction_subject] => 
    [payment_gross] => 0.01
    [ipn_track_id] => d7ade496ab27a
    [IPN_status] => Verified
)

01-10-2018 @ 11:37:56 - Array
(
    [mc_gross] => 0.01
    [protection_eligibility] => Eligible
    [address_status] => confirmed
    [payer_id] => 2MSD6KHVW4CVG
    [address_street] => Kaunas district, Karmelava, Vaistariskiai
    [payment_date] => 11:37:49 Jan 10, 2018 PST
    [payment_status] => Completed
    [charset] => windows-1252
    [address_zip] => LT-54470
    [first_name] => Ieva
    [mc_fee] => 0.01
    [address_country_code] => LT
    [address_name] => illusion boutique
    [notify_version] => 3.8
    [custom] => 2
    [payer_status] => verified
    [business] => payment@healora.com
    [address_country] => Lithuania
    [address_city] => Kaunas
    [quantity] => 1
    [verify_sign] => AZcK5UM3Y8unX6iz6Q1zPxtMbFF8APySbF02RTX1dsw1zcQcoWsS31Ub
    [payer_email] => ARCangelGIRL@gmail.com
    [txn_id] => 33V318090C291833Y
    [payment_type] => instant
    [payer_business_name] => illusion boutique
    [last_name] => Tauraite
    [address_state] => Lithuania
    [receiver_email] => payment@healora.com
    [payment_fee] => 0.01
    [shipping_discount] => 0.00
    [insurance_amount] => 0.00
    [receiver_id] => 4QYNNKD678S4A
    [txn_type] => web_accept
    [item_name] => PATIENT ID:2, DOCTOR ID:554, SKU:EN23, COUPON CODE: 5A566B7105E4FEND
    [discount] => 0.00
    [mc_currency] => USD
    [item_number] => 
    [residence_country] => LT
    [shipping_method] => Default
    [transaction_subject] => 
    [payment_gross] => 0.01
    [ipn_track_id] => 909b6fe348e11
    [IPN_status] => Verified
)

01-10-2018 @ 11:47:28 - Array
(
    [mc_gross] => 0.01
    [protection_eligibility] => Eligible
    [address_status] => confirmed
    [payer_id] => 2MSD6KHVW4CVG
    [address_street] => Kaunas district, Karmelava, Vaistariskiai
    [payment_date] => 11:47:17 Jan 10, 2018 PST
    [payment_status] => Completed
    [charset] => windows-1252
    [address_zip] => LT-54470
    [first_name] => Ieva
    [mc_fee] => 0.01
    [address_country_code] => LT
    [address_name] => illusion boutique
    [notify_version] => 3.8
    [custom] => 2
    [payer_status] => verified
    [business] => payment@healora.com
    [address_country] => Lithuania
    [address_city] => Kaunas
    [quantity] => 1
    [verify_sign] => ABia7ygGKEAgIrndrqNRZOLzday5A2W55qTghtcgw-bnWO6BOAmLvh1b
    [payer_email] => ARCangelGIRL@gmail.com
    [txn_id] => 12L554184P8398433
    [payment_type] => instant
    [payer_business_name] => illusion boutique
    [last_name] => Tauraite
    [address_state] => Lithuania
    [receiver_email] => payment@healora.com
    [payment_fee] => 0.01
    [shipping_discount] => 0.00
    [insurance_amount] => 0.00
    [receiver_id] => 4QYNNKD678S4A
    [txn_type] => web_accept
    [item_name] => PATIENT ID:2, DOCTOR ID:554, SKU:OP2, COUPON CODE: 5A566D8D4C9D5END
    [discount] => 0.00
    [mc_currency] => USD
    [item_number] => 
    [residence_country] => LT
    [shipping_method] => Default
    [transaction_subject] => 
    [payment_gross] => 0.01
    [ipn_track_id] => eac224ed76e92
    [IPN_status] => Verified
)

01-10-2018 @ 12:30:21 - Array
(
    [mc_gross] => 0.01
    [protection_eligibility] => Eligible
    [address_status] => confirmed
    [payer_id] => 2MSD6KHVW4CVG
    [address_street] => Kaunas district, Karmelava, Vaistariskiai
    [payment_date] => 12:30:07 Jan 10, 2018 PST
    [payment_status] => Completed
    [charset] => windows-1252
    [address_zip] => LT-54470
    [first_name] => Ieva
    [mc_fee] => 0.01
    [address_country_code] => LT
    [address_name] => illusion boutique
    [notify_version] => 3.8
    [custom] => 2
    [payer_status] => verified
    [business] => payment@healora.com
    [address_country] => Lithuania
    [address_city] => Kaunas
    [quantity] => 1
    [verify_sign] => A5EEsaicOuyYsvEsjiTDU8Ec69AzA1QcHU6sxtBuM-m2FnZb-B4Kv.G2
    [payer_email] => ARCangelGIRL@gmail.com
    [txn_id] => 96N32550X7766461B
    [payment_type] => instant
    [payer_business_name] => illusion boutique
    [last_name] => Tauraite
    [address_state] => Lithuania
    [receiver_email] => payment@healora.com
    [payment_fee] => 0.01
    [shipping_discount] => 0.00
    [insurance_amount] => 0.00
    [receiver_id] => 4QYNNKD678S4A
    [txn_type] => web_accept
    [item_name] => PATIENT ID:2, DOCTOR ID:554, SKU:OP2, COUPON CODE:5A56779235AB8END
    [discount] => 0.00
    [mc_currency] => USD
    [item_number] => 
    [residence_country] => LT
    [shipping_method] => Default
    [transaction_subject] => 
    [payment_gross] => 0.01
    [ipn_track_id] => 5d0adf825cd91
    [IPN_status] => Verified
)

02-07-2018 @ 23:32:18 - Array
(
    [mc_gross] => 0.01
    [protection_eligibility] => Eligible
    [address_status] => confirmed
    [payer_id] => 2MSD6KHVW4CVG
    [tax] => 0.00
    [address_street] => Kaunas district, Karmelava, Vaistariskiai
    [payment_date] => 10:13:25 Jan 08, 2018 PST
    [payment_status] => Denied
    [charset] => windows-1252
    [address_zip] => LT-54470
    [first_name] => Ieva
    [address_country_code] => LT
    [address_name] => illusion boutique
    [notify_version] => 3.8
    [custom] => iet@apogee.gr
    [payer_status] => verified
    [business] => enaid13@hotmail.fr
    [address_country] => Lithuania
    [address_city] => Kaunas
    [quantity] => 1
    [verify_sign] => Anm1wgvoMAWVLbIEutshNPPgxry8AeVnj231m9vBfNk8hfbo8AMw-ck6
    [payer_email] => ARCangelGIRL@gmail.com
    [txn_id] => 44E40345KF892481Y
    [payment_type] => instant
    [payer_business_name] => illusion boutique
    [last_name] => Tauraite
    [address_state] => Lithuania
    [receiver_email] => enaid13@hotmail.fr
    [shipping_discount] => 0.00
    [insurance_amount] => 0.00
    [receiver_id] => CUY5Z37X6WFJ8
    [txn_type] => web_accept
    [item_name] => PATIENT NAME:  PATIENT PHONE PROVIDER INFO:  PROCEDURE DESCRIPTION: COUPON CODE: TOTAL PRICE: $0.00BALANCE DUE AT VISIT: $0.00F
    [discount] => 0.00
    [mc_currency] => USD
    [item_number] => 
    [residence_country] => LT
    [shipping_method] => Default
    [handling_amount] => 0.00
    [transaction_subject] => 
    [payment_gross] => 0.01
    [shipping] => 0.00
    [ipn_track_id] => 6175504f1383d
    [IPN_status] => Verified
)

